{
  "RSpec": {
    "coverage": {
      "/Users/cadenaragon/Documents/College/Software Engineering/cs3300port/app/controllers/projects_controller.rb": {
        "lines": [
          1,
          1,
          null,
          null,
          1,
          4,
          null,
          null,
          null,
          1,
          null,
          null,
          null,
          1,
          2,
          null,
          null,
          null,
          1,
          null,
          null,
          null,
          1,
          2,
          null,
          2,
          2,
          2,
          1,
          null,
          2,
          1,
          null,
          null,
          null,
          null,
          null,
          1,
          2,
          2,
          2,
          1,
          null,
          2,
          1,
          null,
          null,
          null,
          null,
          null,
          1,
          1,
          1,
          2,
          1,
          null,
          null,
          null,
          1,
          null,
          1,
          8,
          null,
          null,
          null,
          1,
          4,
          null,
          null
        ]
      },
      "/Users/cadenaragon/Documents/College/Software Engineering/cs3300port/app/controllers/application_controller.rb": {
        "lines": [
          1,
          null
        ]
      },
      "/Users/cadenaragon/Documents/College/Software Engineering/cs3300port/app/models/project.rb": {
        "lines": [
          1,
          1,
          1,
          null
        ]
      },
      "/Users/cadenaragon/Documents/College/Software Engineering/cs3300port/app/models/application_record.rb": {
        "lines": [
          1,
          1,
          null
        ]
      },
      "/Users/cadenaragon/Documents/College/Software Engineering/cs3300port/app/mailers/application_mailer.rb": {
        "lines": [
          0,
          0,
          0,
          0
        ],
        "branches": {
        }
      },
      "/Users/cadenaragon/Documents/College/Software Engineering/cs3300port/app/jobs/application_job.rb": {
        "lines": [
          0,
          0
        ],
        "branches": {
        }
      },
      "/Users/cadenaragon/Documents/College/Software Engineering/cs3300port/app/helpers/projects_helper.rb": {
        "lines": [
          0,
          0
        ],
        "branches": {
        }
      },
      "/Users/cadenaragon/Documents/College/Software Engineering/cs3300port/app/helpers/application_helper.rb": {
        "lines": [
          0,
          0
        ],
        "branches": {
        }
      },
      "/Users/cadenaragon/Documents/College/Software Engineering/cs3300port/app/channels/application_cable/connection.rb": {
        "lines": [
          0,
          0,
          0,
          0
        ],
        "branches": {
        }
      },
      "/Users/cadenaragon/Documents/College/Software Engineering/cs3300port/app/channels/application_cable/channel.rb": {
        "lines": [
          0,
          0,
          0,
          0
        ],
        "branches": {
        }
      }
    },
    "timestamp": 1635969823
  }
}
